Seq	Host	Starttime	JobRuntime	Send	Receive	Exitval	Signal	Command
1	:	1569850397.771	    19.853	0	0	0	0	cd /home/guigzp/Computacao/Faculdade/Compiladores/trabalho/tf/Benchs/ASC_Sequoia/AMGmk && timeout --signal=TERM 0 ./NO_SSA_AMGmk.exe  < /dev/null &> /dev/null
2	:	1569850417.626	    10.442	0	0	0	0	cd /home/guigzp/Computacao/Faculdade/Compiladores/trabalho/tf/Benchs/ASC_Sequoia/CrystalMk && timeout --signal=TERM 0 ./NO_SSA_CrystalMK.exe  < /dev/null &> /dev/null
3	:	1569850428.070	     4.394	0	0	0	0	cd /home/guigzp/Computacao/Faculdade/Compiladores/trabalho/tf/Benchs/ASC_Sequoia/IRSmk && timeout --signal=TERM 0 ./NO_SSA_IRSmk.exe  irsmk_input  < /dev/null &> /dev/null
4	:	1569850432.466	     6.243	0	0	0	0	cd /home/guigzp/Computacao/Faculdade/Compiladores/trabalho/tf/Benchs/BenchmarkGame/fannkuch && timeout --signal=TERM 0 ./NO_SSA_fannkuch.exe   < /dev/null &> /dev/null
5	:	1569850438.712	     1.550	0	0	0	0	cd /home/guigzp/Computacao/Faculdade/Compiladores/trabalho/tf/Benchs/BenchmarkGame/n-body && timeout --signal=TERM 0 ./NO_SSA_nbody.exe   < /dev/null &> /dev/null
6	:	1569850440.265	     1.284	0	0	0	0	cd /home/guigzp/Computacao/Faculdade/Compiladores/trabalho/tf/Benchs/BenchmarkGame/nsieve-bits && timeout --signal=TERM 0 ./NO_SSA_nsieve-bits.exe   < /dev/null &> /dev/null
7	:	1569850441.552	     0.381	0	0	0	0	cd /home/guigzp/Computacao/Faculdade/Compiladores/trabalho/tf/Benchs/BenchmarkGame/partialsums && timeout --signal=TERM 0 ./NO_SSA_partialsums.exe   < /dev/null &> /dev/null
8	:	1569850441.937	     1.563	0	0	0	0	cd /home/guigzp/Computacao/Faculdade/Compiladores/trabalho/tf/Benchs/BenchmarkGame/puzzle && timeout --signal=TERM 0 ./NO_SSA_puzzle.exe   < /dev/null &> /dev/null
9	:	1569850443.503	     1.523	0	0	0	0	cd /home/guigzp/Computacao/Faculdade/Compiladores/trabalho/tf/Benchs/BenchmarkGame/recursive && timeout --signal=TERM 0 ./NO_SSA_recursive.exe   < /dev/null &> /dev/null
10	:	1569850445.029	     0.884	0	0	0	0	cd /home/guigzp/Computacao/Faculdade/Compiladores/trabalho/tf/Benchs/BenchmarkGame/spectral-norm && timeout --signal=TERM 0 ./NO_SSA_spectral-norm.exe   < /dev/null &> /dev/null
11	:	1569850445.916	     1.044	0	0	0	0	cd /home/guigzp/Computacao/Faculdade/Compiladores/trabalho/tf/Benchs/BitBench/drop3 && timeout --signal=TERM 0 ./NO_SSA_drop3.exe  input-file  < /dev/null &> /dev/null
12	:	1569850446.962	     2.208	0	0	0	0	cd /home/guigzp/Computacao/Faculdade/Compiladores/trabalho/tf/Benchs/BitBench/five11 && timeout --signal=TERM 0 ./NO_SSA_five11.exe  input-file  < /dev/null &> /dev/null
13	:	1569850449.172	     0.467	0	0	0	0	cd /home/guigzp/Computacao/Faculdade/Compiladores/trabalho/tf/Benchs/BitBench/uudecode && timeout --signal=TERM 0 ./NO_SSA_uudecode.exe  input-file  < /dev/null &> /dev/null
14	:	1569850449.641	     4.559	0	0	0	0	cd /home/guigzp/Computacao/Faculdade/Compiladores/trabalho/tf/Benchs/BitBench/uuencode && timeout --signal=TERM 0 ./NO_SSA_uuencode.exe  input  < /dev/null &> /dev/null
15	:	1569850454.202	     8.286	0	0	0	0	cd /home/guigzp/Computacao/Faculdade/Compiladores/trabalho/tf/Benchs/CoyoteBench/almabench && timeout --signal=TERM 0 ./NO_SSA_almabench.exe   < /dev/null &> /dev/null
16	:	1569850462.490	    50.269	0	0	0	0	cd /home/guigzp/Computacao/Faculdade/Compiladores/trabalho/tf/Benchs/CoyoteBench/huffbench && timeout --signal=TERM 0 ./NO_SSA_huffbench.exe   < /dev/null &> /dev/null
17	:	1569850512.762	     9.154	0	0	0	0	cd /home/guigzp/Computacao/Faculdade/Compiladores/trabalho/tf/Benchs/CoyoteBench/lpbench && timeout --signal=TERM 0 ./NO_SSA_lpbench.exe   < /dev/null &> /dev/null
18	:	1569850521.919	     1.162	0	0	0	0	cd /home/guigzp/Computacao/Faculdade/Compiladores/trabalho/tf/Benchs/DOE_ProxyApps_C/miniAMR && timeout --signal=TERM 0 ./NO_SSA_miniAMR.exe  --nx 8 --ny 8 --nz 8 --num_tsteps 100  < /dev/null &> /dev/null
19	:	1569850523.083	     9.861	0	0	0	0	cd /home/guigzp/Computacao/Faculdade/Compiladores/trabalho/tf/Benchs/DOE_ProxyApps_C/miniGMG && timeout --signal=TERM 0 ./NO_SSA_miniGMG.exe  6  2 2 2  1 1 1  < /dev/null &> /dev/null
20	:	1569850532.947	     4.325	0	0	0	0	cd /home/guigzp/Computacao/Faculdade/Compiladores/trabalho/tf/Benchs/DOE_ProxyApps_C/Pathfinder && timeout --signal=TERM 0 ./NO_SSA_Pathfinder.exe  -x medsmall1.adj_list  < /dev/null &> /dev/null
21	:	1569850537.275	     0.569	0	0	0	0	cd /home/guigzp/Computacao/Faculdade/Compiladores/trabalho/tf/Benchs/DOE_ProxyApps_C/RSBench && timeout --signal=TERM 0 ./NO_SSA_RSBench.exe  -s small -l 100000 -p 1000 -w 1000  < /dev/null &> /dev/null
22	:	1569850537.846	     4.967	0	0	0	0	cd /home/guigzp/Computacao/Faculdade/Compiladores/trabalho/tf/Benchs/DOE_ProxyApps_C/SimpleMOC && timeout --signal=TERM 0 ./NO_SSA_SimpleMOC.exe  -i default.in  < /dev/null &> /dev/null
23	:	1569850542.816	     4.332	0	0	0	0	cd /home/guigzp/Computacao/Faculdade/Compiladores/trabalho/tf/Benchs/DOE_ProxyApps_C/XSBench && timeout --signal=TERM 0 ./NO_SSA_XSBench.exe  -s small -g 1250 -l 1000000  < /dev/null &> /dev/null
24	:	1569850547.149	     5.674	0	0	0	0	cd /home/guigzp/Computacao/Faculdade/Compiladores/trabalho/tf/Benchs/Dhrystone/dry && timeout --signal=TERM 0 ./NO_SSA_dry.exe   < /dev/null &> /dev/null
25	:	1569850552.825	     6.473	0	0	0	0	cd /home/guigzp/Computacao/Faculdade/Compiladores/trabalho/tf/Benchs/Dhrystone/fldry && timeout --signal=TERM 0 ./NO_SSA_fldry.exe   < /dev/null &> /dev/null
26	:	1569850559.301	     2.148	0	0	0	0	cd /home/guigzp/Computacao/Faculdade/Compiladores/trabalho/tf/Benchs/McGill/chomp && timeout --signal=TERM 0 ./NO_SSA_chomp.exe   < /dev/null &> /dev/null
27	:	1569850561.452	     0.004	0	0	0	0	cd /home/guigzp/Computacao/Faculdade/Compiladores/trabalho/tf/Benchs/McGill/exptree && timeout --signal=TERM 0 ./NO_SSA_exptree.exe   < /dev/null &> /dev/null
28	:	1569850561.458	     0.263	0	0	0	0	cd /home/guigzp/Computacao/Faculdade/Compiladores/trabalho/tf/Benchs/McGill/misr && timeout --signal=TERM 0 ./NO_SSA_misr.exe   < /dev/null &> /dev/null
29	:	1569850561.724	     3.578	0	0	0	0	cd /home/guigzp/Computacao/Faculdade/Compiladores/trabalho/tf/Benchs/McGill/queens && timeout --signal=TERM 0 ./NO_SSA_queens.exe   < /dev/null &> /dev/null
30	:	1569850565.304	     0.335	0	0	0	0	cd /home/guigzp/Computacao/Faculdade/Compiladores/trabalho/tf/Benchs/MiBench/automotive-basicmath && timeout --signal=TERM 0 ./NO_SSA_automotive-basicmath.exe  < /dev/null &> /dev/null
31	:	1569850565.642	     0.197	0	0	0	0	cd /home/guigzp/Computacao/Faculdade/Compiladores/trabalho/tf/Benchs/MiBench/automotive-bitcount && timeout --signal=TERM 0 ./NO_SSA_automotive-bitcount.exe  1125000  < /dev/null &> /dev/null
32	:	1569850565.843	     0.295	0	0	0	0	cd /home/guigzp/Computacao/Faculdade/Compiladores/trabalho/tf/Benchs/MiBench/automotive-susan && timeout --signal=TERM 0 ./NO_SSA_automotive-susan.exe  input_large.pgm Output/output_large.smoothing.pgm -s  < /dev/null &> /dev/null
33	:	1569850566.154	     0.039	0	0	0	0	cd /home/guigzp/Computacao/Faculdade/Compiladores/trabalho/tf/Benchs/MiBench/consumer-jpeg && timeout --signal=TERM 0 ./NO_SSA_consumer-jpeg.exe  -dct int -ppm -outfile Output/output_large_decode.ppm input_large.jpg  < /dev/null &> /dev/null
34	:	1569850566.197	     0.241	0	0	0	0	cd /home/guigzp/Computacao/Faculdade/Compiladores/trabalho/tf/Benchs/MiBench/consumer-lame && timeout --signal=TERM 0 ./NO_SSA_consumer-lame.exe  large.wav Output/output_large.mp3  < /dev/null &> /dev/null
35	:	1569850566.441	     0.155	0	0	0	0	cd /home/guigzp/Computacao/Faculdade/Compiladores/trabalho/tf/Benchs/MiBench/network-dijkstra && timeout --signal=TERM 0 ./NO_SSA_network-dijkstra.exe  input.dat  < /dev/null &> /dev/null
36	:	1569850566.600	     0.176	0	0	0	0	cd /home/guigzp/Computacao/Faculdade/Compiladores/trabalho/tf/Benchs/MiBench/network-patricia && timeout --signal=TERM 0 ./NO_SSA_network-patricia.exe  large.udp  < /dev/null &> /dev/null
37	:	1569850566.778	     0.006	0	0	0	0	cd /home/guigzp/Computacao/Faculdade/Compiladores/trabalho/tf/Benchs/MiBench/office-stringsearch && timeout --signal=TERM 0 ./NO_SSA_office-stringsearch.exe  < /dev/null &> /dev/null
38	:	1569850566.788	     0.004	0	0	0	0	cd /home/guigzp/Computacao/Faculdade/Compiladores/trabalho/tf/Benchs/MiBench/security-blowfish && timeout --signal=TERM 0 ./NO_SSA_security-blowfish.exe  d output_large.enc output_large.asc 1234567890abcdeffedcba0987654321  < /dev/null &> /dev/null
39	:	1569850566.795	     0.095	0	0	0	0	cd /home/guigzp/Computacao/Faculdade/Compiladores/trabalho/tf/Benchs/MiBench/security-rijndael && timeout --signal=TERM 0 ./NO_SSA_security-rijndael.exe  input_large.asc large.enc e 1234567890abcdeffedcba09876543211234567890abcdeffedcba0987654321  < /dev/null &> /dev/null
40	:	1569850566.893	     0.084	0	0	0	0	cd /home/guigzp/Computacao/Faculdade/Compiladores/trabalho/tf/Benchs/MiBench/security-sha && timeout --signal=TERM 0 ./NO_SSA_security-sha.exe  input_large.asc  < /dev/null &> /dev/null
41	:	1569850566.979	     0.468	0	0	0	0	cd /home/guigzp/Computacao/Faculdade/Compiladores/trabalho/tf/Benchs/MiBench/telecomm-CRC32 && timeout --signal=TERM 0 ./NO_SSA_telecomm-CRC32.exe  large.pcm  < /dev/null &> /dev/null
42	:	1569850567.451	     0.043	0	0	0	0	cd /home/guigzp/Computacao/Faculdade/Compiladores/trabalho/tf/Benchs/MiBench/telecomm-FFT && timeout --signal=TERM 0 ./NO_SSA_telecomm-FFT.exe  8 32768 -i  < /dev/null &> /dev/null
43	:	1569850567.498	     0.959	0	0	0	0	cd /home/guigzp/Computacao/Faculdade/Compiladores/trabalho/tf/Benchs/Misc/dt && timeout --signal=TERM 0 ./NO_SSA_dt.exe   < /dev/null &> /dev/null
44	:	1569850568.460	     0.710	0	0	0	0	cd /home/guigzp/Computacao/Faculdade/Compiladores/trabalho/tf/Benchs/Misc/evalloop && timeout --signal=TERM 0 ./NO_SSA_evalloop.exe   < /dev/null &> /dev/null
45	:	1569850569.172	     1.177	0	0	0	0	cd /home/guigzp/Computacao/Faculdade/Compiladores/trabalho/tf/Benchs/Misc/fbench && timeout --signal=TERM 0 ./NO_SSA_fbench.exe   < /dev/null &> /dev/null
46	:	1569850570.353	     1.150	0	0	0	0	cd /home/guigzp/Computacao/Faculdade/Compiladores/trabalho/tf/Benchs/Misc/ffbench && timeout --signal=TERM 0 ./NO_SSA_ffbench.exe   < /dev/null &> /dev/null
47	:	1569850571.505	     6.873	0	0	0	0	cd /home/guigzp/Computacao/Faculdade/Compiladores/trabalho/tf/Benchs/Misc/flops && timeout --signal=TERM 0 ./NO_SSA_flops.exe   < /dev/null &> /dev/null
48	:	1569850578.381	     1.589	0	0	0	0	cd /home/guigzp/Computacao/Faculdade/Compiladores/trabalho/tf/Benchs/Misc/flops-1 && timeout --signal=TERM 0 ./NO_SSA_flops-1.exe   < /dev/null &> /dev/null
49	:	1569850579.973	     1.228	0	0	0	0	cd /home/guigzp/Computacao/Faculdade/Compiladores/trabalho/tf/Benchs/Misc/flops-2 && timeout --signal=TERM 0 ./NO_SSA_flops-2.exe   < /dev/null &> /dev/null
50	:	1569850581.205	     1.913	0	0	0	0	cd /home/guigzp/Computacao/Faculdade/Compiladores/trabalho/tf/Benchs/Misc/flops-3 && timeout --signal=TERM 0 ./NO_SSA_flops-3.exe   < /dev/null &> /dev/null
51	:	1569850583.191	     0.962	0	0	0	0	cd /home/guigzp/Computacao/Faculdade/Compiladores/trabalho/tf/Benchs/Misc/flops-4 && timeout --signal=TERM 0 ./NO_SSA_flops-4.exe   < /dev/null &> /dev/null
52	:	1569850584.155	     1.661	0	0	0	0	cd /home/guigzp/Computacao/Faculdade/Compiladores/trabalho/tf/Benchs/Misc/flops-5 && timeout --signal=TERM 0 ./NO_SSA_flops-5.exe   < /dev/null &> /dev/null
53	:	1569850585.818	     1.680	0	0	0	0	cd /home/guigzp/Computacao/Faculdade/Compiladores/trabalho/tf/Benchs/Misc/flops-6 && timeout --signal=TERM 0 ./NO_SSA_flops-6.exe   < /dev/null &> /dev/null
54	:	1569850587.501	     1.094	0	0	0	0	cd /home/guigzp/Computacao/Faculdade/Compiladores/trabalho/tf/Benchs/Misc/flops-7 && timeout --signal=TERM 0 ./NO_SSA_flops-7.exe   < /dev/null &> /dev/null
55	:	1569850588.597	     1.748	0	0	0	0	cd /home/guigzp/Computacao/Faculdade/Compiladores/trabalho/tf/Benchs/Misc/flops-8 && timeout --signal=TERM 0 ./NO_SSA_flops-8.exe   < /dev/null &> /dev/null
56	:	1569850590.347	     7.292	0	0	0	0	cd /home/guigzp/Computacao/Faculdade/Compiladores/trabalho/tf/Benchs/Misc/fp-convert && timeout --signal=TERM 0 ./NO_SSA_fp-convert.exe   < /dev/null &> /dev/null
57	:	1569850597.641	     1.533	0	0	0	0	cd /home/guigzp/Computacao/Faculdade/Compiladores/trabalho/tf/Benchs/Misc/himenobmtxpa && timeout --signal=TERM 0 ./NO_SSA_himenobmtxpa.exe   < /dev/null &> /dev/null
58	:	1569850599.178	    25.207	0	0	0	0	cd /home/guigzp/Computacao/Faculdade/Compiladores/trabalho/tf/Benchs/Misc/lowercase && timeout --signal=TERM 0 ./NO_SSA_lowercase.exe   < /dev/null &> /dev/null
59	:	1569850624.387	     0.686	0	0	0	0	cd /home/guigzp/Computacao/Faculdade/Compiladores/trabalho/tf/Benchs/Misc/mandel && timeout --signal=TERM 0 ./NO_SSA_mandel.exe   < /dev/null &> /dev/null
60	:	1569850625.076	     1.374	0	0	0	0	cd /home/guigzp/Computacao/Faculdade/Compiladores/trabalho/tf/Benchs/Misc/mandel-2 && timeout --signal=TERM 0 ./NO_SSA_mandel-2.exe   < /dev/null &> /dev/null
61	:	1569850626.453	     3.942	0	0	0	0	cd /home/guigzp/Computacao/Faculdade/Compiladores/trabalho/tf/Benchs/Misc/matmul_f64_4x4 && timeout --signal=TERM 0 ./NO_SSA_matmul_f64_4x4.exe   < /dev/null &> /dev/null
62	:	1569850630.398	    10.829	0	0	0	0	cd /home/guigzp/Computacao/Faculdade/Compiladores/trabalho/tf/Benchs/Misc/oourafft && timeout --signal=TERM 0 ./NO_SSA_oourafft.exe   < /dev/null &> /dev/null
63	:	1569850641.230	     8.177	0	0	0	0	cd /home/guigzp/Computacao/Faculdade/Compiladores/trabalho/tf/Benchs/Misc/perlin && timeout --signal=TERM 0 ./NO_SSA_perlin.exe   < /dev/null &> /dev/null
64	:	1569850649.409	     0.937	0	0	0	0	cd /home/guigzp/Computacao/Faculdade/Compiladores/trabalho/tf/Benchs/Misc/pi && timeout --signal=TERM 0 ./NO_SSA_pi.exe   < /dev/null &> /dev/null
65	:	1569850650.349	     7.855	0	0	0	0	cd /home/guigzp/Computacao/Faculdade/Compiladores/trabalho/tf/Benchs/Misc/ReedSolomon && timeout --signal=TERM 0 ./NO_SSA_ReedSolomon.exe   < /dev/null &> /dev/null
66	:	1569850658.206	     0.303	0	0	0	0	cd /home/guigzp/Computacao/Faculdade/Compiladores/trabalho/tf/Benchs/Misc/revertBits && timeout --signal=TERM 0 ./NO_SSA_revertBits.exe   < /dev/null &> /dev/null
67	:	1569850658.512	     1.621	0	0	0	0	cd /home/guigzp/Computacao/Faculdade/Compiladores/trabalho/tf/Benchs/Misc/richards_benchmark && timeout --signal=TERM 0 ./NO_SSA_richards_benchmark.exe   < /dev/null &> /dev/null
68	:	1569850660.136	    11.108	0	0	0	0	cd /home/guigzp/Computacao/Faculdade/Compiladores/trabalho/tf/Benchs/Misc/salsa20 && timeout --signal=TERM 0 ./NO_SSA_salsa20.exe   < /dev/null &> /dev/null
69	:	1569850671.247	     2.105	0	0	0	0	cd /home/guigzp/Computacao/Faculdade/Compiladores/trabalho/tf/Benchs/Misc/whetstone && timeout --signal=TERM 0 ./NO_SSA_whetstone.exe   < /dev/null &> /dev/null
70	:	1569850673.355	     0.016	0	0	0	0	cd /home/guigzp/Computacao/Faculdade/Compiladores/trabalho/tf/Benchs/Shootout/ackermann && timeout --signal=TERM 0 ./NO_SSA_ackermann.exe   < /dev/null &> /dev/null
71	:	1569850673.375	     4.822	0	0	0	0	cd /home/guigzp/Computacao/Faculdade/Compiladores/trabalho/tf/Benchs/Shootout/ary3 && timeout --signal=TERM 0 ./NO_SSA_ary3.exe   < /dev/null &> /dev/null
72	:	1569850678.200	     4.011	0	0	0	0	cd /home/guigzp/Computacao/Faculdade/Compiladores/trabalho/tf/Benchs/Shootout/fib2 && timeout --signal=TERM 0 ./NO_SSA_fib2.exe   < /dev/null &> /dev/null
73	:	1569850682.215	     4.854	0	0	0	0	cd /home/guigzp/Computacao/Faculdade/Compiladores/trabalho/tf/Benchs/Shootout/hash && timeout --signal=TERM 0 ./NO_SSA_hash.exe   < /dev/null &> /dev/null
74	:	1569850687.071	     3.329	0	0	0	0	cd /home/guigzp/Computacao/Faculdade/Compiladores/trabalho/tf/Benchs/Shootout/heapsort && timeout --signal=TERM 0 ./NO_SSA_heapsort.exe   < /dev/null &> /dev/null
75	:	1569850690.403	     0.003	0	0	0	0	cd /home/guigzp/Computacao/Faculdade/Compiladores/trabalho/tf/Benchs/Shootout/hello && timeout --signal=TERM 0 ./NO_SSA_hello.exe   < /dev/null &> /dev/null
76	:	1569850690.409	    17.716	0	0	0	0	cd /home/guigzp/Computacao/Faculdade/Compiladores/trabalho/tf/Benchs/Shootout/lists && timeout --signal=TERM 0 ./NO_SSA_lists.exe   < /dev/null &> /dev/null
77	:	1569850708.126	    10.480	0	0	0	0	cd /home/guigzp/Computacao/Faculdade/Compiladores/trabalho/tf/Benchs/Shootout/matrix && timeout --signal=TERM 0 ./NO_SSA_matrix.exe   < /dev/null &> /dev/null
78	:	1569850718.609	     6.160	0	0	0	0	cd /home/guigzp/Computacao/Faculdade/Compiladores/trabalho/tf/Benchs/Shootout/methcall && timeout --signal=TERM 0 ./NO_SSA_methcall.exe   < /dev/null &> /dev/null
79	:	1569850724.771	    20.828	0	0	0	0	cd /home/guigzp/Computacao/Faculdade/Compiladores/trabalho/tf/Benchs/Shootout/nestedloop && timeout --signal=TERM 0 ./NO_SSA_nestedloop.exe   < /dev/null &> /dev/null
80	:	1569850745.602	     2.697	0	0	0	0	cd /home/guigzp/Computacao/Faculdade/Compiladores/trabalho/tf/Benchs/Shootout/objinst && timeout --signal=TERM 0 ./NO_SSA_objinst.exe   < /dev/null &> /dev/null
81	:	1569850748.301	     2.832	0	0	0	0	cd /home/guigzp/Computacao/Faculdade/Compiladores/trabalho/tf/Benchs/Shootout/random && timeout --signal=TERM 0 ./NO_SSA_random.exe   < /dev/null &> /dev/null
82	:	1569850751.136	    14.952	0	0	0	0	cd /home/guigzp/Computacao/Faculdade/Compiladores/trabalho/tf/Benchs/Shootout/sieve && timeout --signal=TERM 0 ./NO_SSA_sieve.exe   < /dev/null &> /dev/null
83	:	1569850766.090	     0.172	0	0	0	0	cd /home/guigzp/Computacao/Faculdade/Compiladores/trabalho/tf/Benchs/Shootout/strcat && timeout --signal=TERM 0 ./NO_SSA_strcat.exe   < /dev/null &> /dev/null
84	:	1569850766.264	     0.071	0	0	0	0	cd /home/guigzp/Computacao/Faculdade/Compiladores/trabalho/tf/Benchs/Stanford/Bubblesort && timeout --signal=TERM 0 ./NO_SSA_Bubblesort.exe   < /dev/null &> /dev/null
85	:	1569850766.337	     1.367	0	0	0	0	cd /home/guigzp/Computacao/Faculdade/Compiladores/trabalho/tf/Benchs/Stanford/FloatMM && timeout --signal=TERM 0 ./NO_SSA_FloatMM.exe   < /dev/null &> /dev/null
86	:	1569850767.723	     0.059	0	0	0	0	cd /home/guigzp/Computacao/Faculdade/Compiladores/trabalho/tf/Benchs/Stanford/IntMM && timeout --signal=TERM 0 ./NO_SSA_IntMM.exe   < /dev/null &> /dev/null
87	:	1569850767.802	     0.010	0	0	0	0	cd /home/guigzp/Computacao/Faculdade/Compiladores/trabalho/tf/Benchs/Stanford/Oscar && timeout --signal=TERM 0 ./NO_SSA_Oscar.exe   < /dev/null &> /dev/null
88	:	1569850767.820	     0.319	0	0	0	0	cd /home/guigzp/Computacao/Faculdade/Compiladores/trabalho/tf/Benchs/Stanford/Puzzle && timeout --signal=TERM 0 ./NO_SSA_Puzzle.exe   < /dev/null &> /dev/null
89	:	1569850768.141	     0.023	0	0	0	0	cd /home/guigzp/Computacao/Faculdade/Compiladores/trabalho/tf/Benchs/Stanford/Queens && timeout --signal=TERM 0 ./NO_SSA_Queens.exe   < /dev/null &> /dev/null
90	:	1569850768.167	     0.073	0	0	0	0	cd /home/guigzp/Computacao/Faculdade/Compiladores/trabalho/tf/Benchs/Stanford/Quicksort && timeout --signal=TERM 0 ./NO_SSA_Quicksort.exe   < /dev/null &> /dev/null
91	:	1569850768.243	     0.007	0	0	0	0	cd /home/guigzp/Computacao/Faculdade/Compiladores/trabalho/tf/Benchs/Stanford/RealMM && timeout --signal=TERM 0 ./NO_SSA_RealMM.exe   < /dev/null &> /dev/null
92	:	1569850768.253	     0.033	0	0	0	0	cd /home/guigzp/Computacao/Faculdade/Compiladores/trabalho/tf/Benchs/Stanford/Towers && timeout --signal=TERM 0 ./NO_SSA_Towers.exe   < /dev/null &> /dev/null
93	:	1569850768.289	     0.111	0	0	0	0	cd /home/guigzp/Computacao/Faculdade/Compiladores/trabalho/tf/Benchs/Stanford/Treesort && timeout --signal=TERM 0 ./NO_SSA_Treesort.exe   < /dev/null &> /dev/null
94	:	1569850768.403	     1.758	0	0	0	0	cd /home/guigzp/Computacao/Faculdade/Compiladores/trabalho/tf/Benchs/Fhourstones && timeout --signal=TERM 0 ./NO_SSA_Fhourstones.exe  <  input  &> /dev/null
95	:	1569850770.164	    12.862	0	0	0	0	cd /home/guigzp/Computacao/Faculdade/Compiladores/trabalho/tf/Benchs/Linpack && timeout --signal=TERM 0 ./NO_SSA_Linpack.exe   < /dev/null &> /dev/null
96	:	1569850783.029	     0.138	0	0	0	0	cd /home/guigzp/Computacao/Faculdade/Compiladores/trabalho/tf/Benchs/mediabench/adpcm/rawcaudio && timeout --signal=TERM 0 ./NO_SSA_adpcm-rawcaudio.exe  <  ../data/clinton.pcm  &> /dev/null
97	:	1569850783.173	     0.195	0	0	0	0	cd /home/guigzp/Computacao/Faculdade/Compiladores/trabalho/tf/Benchs/mediabench/adpcm/rawdaudio && timeout --signal=TERM 0 ./NO_SSA_adpcm-rawdaudio.exe  <  ../data/clinton.adpcm  &> /dev/null
98	:	1569850783.372	     0.473	0	0	0	0	cd /home/guigzp/Computacao/Faculdade/Compiladores/trabalho/tf/Benchs/mediabench/g721/g721encode && timeout --signal=TERM 0 ./NO_SSA_g721.exe  <  ../data/clinton.pcm  &> /dev/null
99	:	1569850783.848	     0.052	0	0	0	0	cd /home/guigzp/Computacao/Faculdade/Compiladores/trabalho/tf/Benchs/mediabench/jpeg/jpeg-6a && timeout --signal=TERM 0 ./NO_SSA_g721.exe  -dct int -progressive -opt ../data/testimg.ppm  < /dev/null &> /dev/null
100	:	1569850783.902	     0.088	0	0	0	0	cd /home/guigzp/Computacao/Faculdade/Compiladores/trabalho/tf/Benchs/mediabench/gsm/toast && timeout --signal=TERM 0 ./NO_SSA_gsm.exe  -c ../data/clinton.pcm  < /dev/null &> /dev/null
101	:	1569850783.993	     0.059	0	0	0	0	cd /home/guigzp/Computacao/Faculdade/Compiladores/trabalho/tf/Benchs/mediabench/mpeg2/mpeg2dec && timeout --signal=TERM 0 ./NO_SSA_mpeg2.exe  -b ../data/mei16v2.m2v -r -f -o0 tmp  < /dev/null &> /dev/null
102	:	1569850784.056	     0.168	0	0	0	0	cd /home/guigzp/Computacao/Faculdade/Compiladores/trabalho/tf/Benchs/ASCI_Purple && timeout --signal=TERM 0 ./NO_SSA_smg2000.exe  -n 30 15 30 -c 0.1 1.0 10.0  < /dev/null &> /dev/null
103	:	1569850784.228	     2.144	0	0	0	0	cd /home/guigzp/Computacao/Faculdade/Compiladores/trabalho/tf/Benchs/Fhourstones_31 && timeout --signal=TERM 0 ./NO_SSA_Fhourstones_31.exe  <  inputs  &> /dev/null
104	:	1569850786.374	    11.023	0	0	0	0	cd /home/guigzp/Computacao/Faculdade/Compiladores/trabalho/tf/Benchs/PolyBench/linear-algebra/kernels/2mm && timeout --signal=TERM 0 ./NO_SSA_2mm.exe   < /dev/null &> /dev/null
105	:	1569850797.401	    20.007	0	0	0	0	cd /home/guigzp/Computacao/Faculdade/Compiladores/trabalho/tf/Benchs/PolyBench/linear-algebra/kernels/3mm && timeout --signal=TERM 0 ./NO_SSA_3mm.exe   < /dev/null &> /dev/null
106	:	1569850817.411	     0.072	0	0	0	0	cd /home/guigzp/Computacao/Faculdade/Compiladores/trabalho/tf/Benchs/PolyBench/linear-algebra/kernels/atax && timeout --signal=TERM 0 ./NO_SSA_atax.exe   < /dev/null &> /dev/null
107	:	1569850817.485	     0.064	0	0	0	0	cd /home/guigzp/Computacao/Faculdade/Compiladores/trabalho/tf/Benchs/PolyBench/linear-algebra/kernels/bicg && timeout --signal=TERM 0 ./NO_SSA_bicg.exe   < /dev/null &> /dev/null
108	:	1569850817.551	     5.457	0	0	0	0	cd /home/guigzp/Computacao/Faculdade/Compiladores/trabalho/tf/Benchs/PolyBench/linear-algebra/kernels/doitgen && timeout --signal=TERM 0 ./NO_SSA_doitgen.exe   < /dev/null &> /dev/null
109	:	1569850823.011	     0.088	0	0	0	0	cd /home/guigzp/Computacao/Faculdade/Compiladores/trabalho/tf/Benchs/PolyBench/linear-algebra/kernels/mvt && timeout --signal=TERM 0 ./NO_SSA_mvt.exe   < /dev/null &> /dev/null
110	:	1569850823.101	    64.543	0	0	0	0	cd /home/guigzp/Computacao/Faculdade/Compiladores/trabalho/tf/Benchs/PolyBench/linear-algebra/solvers/cholesky && timeout --signal=TERM 0 ./NO_SSA_cholesky.exe   < /dev/null &> /dev/null
111	:	1569850887.647	     0.023	0	0	0	0	cd /home/guigzp/Computacao/Faculdade/Compiladores/trabalho/tf/Benchs/PolyBench/linear-algebra/solvers/durbin && timeout --signal=TERM 0 ./NO_SSA_durbin.exe   < /dev/null &> /dev/null
112	:	1569850887.673	    16.781	0	0	0	0	cd /home/guigzp/Computacao/Faculdade/Compiladores/trabalho/tf/Benchs/PolyBench/linear-algebra/solvers/gramschmidt && timeout --signal=TERM 0 ./NO_SSA_gramschmidt.exe   < /dev/null &> /dev/null
113	:	1569850904.456	    65.846	0	0	0	0	cd /home/guigzp/Computacao/Faculdade/Compiladores/trabalho/tf/Benchs/PolyBench/linear-algebra/solvers/lu && timeout --signal=TERM 0 ./NO_SSA_lu.exe   < /dev/null &> /dev/null
114	:	1569850970.305	    68.898	0	0	0	0	cd /home/guigzp/Computacao/Faculdade/Compiladores/trabalho/tf/Benchs/PolyBench/linear-algebra/solvers/ludcmp && timeout --signal=TERM 0 ./NO_SSA_ludcmp.exe   < /dev/null &> /dev/null
115	:	1569851039.206	     0.029	0	0	0	0	cd /home/guigzp/Computacao/Faculdade/Compiladores/trabalho/tf/Benchs/PolyBench/linear-algebra/solvers/trisolv && timeout --signal=TERM 0 ./NO_SSA_trisolv.exe   < /dev/null &> /dev/null
116	:	1569851039.239	     5.611	0	0	0	0	cd /home/guigzp/Computacao/Faculdade/Compiladores/trabalho/tf/Benchs/PolyBench/linear-algebra/blas/gemm && timeout --signal=TERM 0 ./NO_SSA_gemm.exe   < /dev/null &> /dev/null
117	:	1569851044.853	     0.108	0	0	0	0	cd /home/guigzp/Computacao/Faculdade/Compiladores/trabalho/tf/Benchs/PolyBench/linear-algebra/blas/gemver && timeout --signal=TERM 0 ./NO_SSA_gemver.exe   < /dev/null &> /dev/null
118	:	1569851044.964	     0.048	0	0	0	0	cd /home/guigzp/Computacao/Faculdade/Compiladores/trabalho/tf/Benchs/PolyBench/linear-algebra/blas/gesummv && timeout --signal=TERM 0 ./NO_SSA_gesummv.exe   < /dev/null &> /dev/null
119	:	1569851045.015	     7.680	0	0	0	0	cd /home/guigzp/Computacao/Faculdade/Compiladores/trabalho/tf/Benchs/PolyBench/linear-algebra/blas/symm && timeout --signal=TERM 0 ./NO_SSA_symm.exe   < /dev/null &> /dev/null
120	:	1569851052.698	     9.276	0	0	0	0	cd /home/guigzp/Computacao/Faculdade/Compiladores/trabalho/tf/Benchs/PolyBench/linear-algebra/blas/syr2k && timeout --signal=TERM 0 ./NO_SSA_syr2k.exe   < /dev/null &> /dev/null
121	:	1569851061.977	     5.480	0	0	0	0	cd /home/guigzp/Computacao/Faculdade/Compiladores/trabalho/tf/Benchs/PolyBench/linear-algebra/blas/syrk && timeout --signal=TERM 0 ./NO_SSA_syrk.exe   < /dev/null &> /dev/null
122	:	1569851067.460	     6.032	0	0	0	0	cd /home/guigzp/Computacao/Faculdade/Compiladores/trabalho/tf/Benchs/PolyBench/linear-algebra/blas/trmm && timeout --signal=TERM 0 ./NO_SSA_trmm.exe   < /dev/null &> /dev/null
123	:	1569851073.494	    10.805	0	0	0	0	cd /home/guigzp/Computacao/Faculdade/Compiladores/trabalho/tf/Benchs/PolyBench/datamining/correlation && timeout --signal=TERM 0 ./NO_SSA_correlation.exe   < /dev/null &> /dev/null
124	:	1569851084.302	    11.832	0	0	0	0	cd /home/guigzp/Computacao/Faculdade/Compiladores/trabalho/tf/Benchs/PolyBench/datamining/covariance && timeout --signal=TERM 0 ./NO_SSA_covariance.exe   < /dev/null &> /dev/null
125	:	1569851096.137	   102.294	0	0	0	0	cd /home/guigzp/Computacao/Faculdade/Compiladores/trabalho/tf/Benchs/PolyBench/medley/floyd-warshall && timeout --signal=TERM 0 ./NO_SSA_floyd-warshall.exe   < /dev/null &> /dev/null
126	:	1569851198.434	     6.279	0	0	0	0	cd /home/guigzp/Computacao/Faculdade/Compiladores/trabalho/tf/Benchs/PolyBench/medley/deriche && timeout --signal=TERM 0 ./NO_SSA_deriche.exe   < /dev/null &> /dev/null
127	:	1569851204.715	    22.467	0	0	0	0	cd /home/guigzp/Computacao/Faculdade/Compiladores/trabalho/tf/Benchs/PolyBench/medley/nussinov && timeout --signal=TERM 0 ./NO_SSA_nussinov.exe   < /dev/null &> /dev/null
128	:	1569851227.184	    19.315	0	0	0	0	cd /home/guigzp/Computacao/Faculdade/Compiladores/trabalho/tf/Benchs/PolyBench/stencils/adi && timeout --signal=TERM 0 ./NO_SSA_adi.exe   < /dev/null &> /dev/null
129	:	1569851246.501	     8.878	0	0	0	0	cd /home/guigzp/Computacao/Faculdade/Compiladores/trabalho/tf/Benchs/PolyBench/stencils/fdtd-2d && timeout --signal=TERM 0 ./NO_SSA_fdtd-2d.exe   < /dev/null &> /dev/null
130	:	1569851255.381	     9.845	0	0	0	0	cd /home/guigzp/Computacao/Faculdade/Compiladores/trabalho/tf/Benchs/PolyBench/stencils/heat-3d && timeout --signal=TERM 0 ./NO_SSA_heat-3d.exe   < /dev/null &> /dev/null
131	:	1569851265.228	     0.009	0	0	0	0	cd /home/guigzp/Computacao/Faculdade/Compiladores/trabalho/tf/Benchs/PolyBench/stencils/jacobi-1d && timeout --signal=TERM 0 ./NO_SSA_jacobi-1d.exe   < /dev/null &> /dev/null
132	:	1569851265.240	     7.565	0	0	0	0	cd /home/guigzp/Computacao/Faculdade/Compiladores/trabalho/tf/Benchs/PolyBench/stencils/jacobi-2d && timeout --signal=TERM 0 ./NO_SSA_jacobi-2d.exe   < /dev/null &> /dev/null
133	:	1569851272.808	    30.883	0	0	0	0	cd /home/guigzp/Computacao/Faculdade/Compiladores/trabalho/tf/Benchs/PolyBench/stencils/seidel-2d && timeout --signal=TERM 0 ./NO_SSA_seidel-2d.exe   < /dev/null &> /dev/null
134	:	1569851303.693	   108.626	0	0	0	0	cd /home/guigzp/Computacao/Faculdade/Compiladores/trabalho/tf/Benchs/SciMark2-C && timeout --signal=TERM 0 ./NO_SSA_SciMark2-C.exe   < /dev/null &> /dev/null
135	:	1569851412.322	     8.399	0	0	0	0	cd /home/guigzp/Computacao/Faculdade/Compiladores/trabalho/tf/Benchs/sim && timeout --signal=TERM 0 ./NO_SSA_sim.exe  8 tob.38-44 liv.42-48  < /dev/null &> /dev/null
136	:	1569851420.730	    47.170	0	0	0	0	cd /home/guigzp/Computacao/Faculdade/Compiladores/trabalho/tf/Benchs/mafft && timeout --signal=TERM 0 ./NO_SSA_mafft.exe  -b 62 -g 0.100 -f 2.00 -h 0.100 -L  <  pyruvate_decarboxylase.fasta  &> /dev/null
137	:	1569851467.902	     0.003	0	0	127	0	cd /home/guigzp/Computacao/Faculdade/Compiladores/trabalho/tf/Benchs/tramp3d-v4 && timeout --signal=TERM 0 ./NO_SSA_tramp3d-v4.exe  --cartvis 1.0 0.0 --rhomin 1e-8 -n 4 --domain 32 32 32 < /dev/null &> /dev/null
138	:	1569851467.908	    40.000	0	0	0	0	cd /home/guigzp/Computacao/Faculdade/Compiladores/trabalho/tf/Benchs/llubenchmark && timeout --signal=TERM 0 ./NO_SSA_llu.exe -i 6000 < /dev/null &> /dev/null
139	:	1569851507.910	     4.630	0	0	0	0	cd /home/guigzp/Computacao/Faculdade/Compiladores/trabalho/tf/Benchs/nbench && timeout --signal=TERM 0 ./NO_SSA_nbench.exe  < /dev/null &> /dev/null
140	:	1569851512.544	     1.754	0	0	0	0	cd /home/guigzp/Computacao/Faculdade/Compiladores/trabalho/tf/Benchs/Ptrdist/anagram && timeout --signal=TERM 0 ./NO_SSA_anagram.exe  words 2  < input.OUT &> /dev/null
141	:	1569851514.301	     0.568	0	0	0	0	cd /home/guigzp/Computacao/Faculdade/Compiladores/trabalho/tf/Benchs/Ptrdist/bc && timeout --signal=TERM 0 ./NO_SSA_bc.exe   < primes.b &> /dev/null
142	:	1569851514.872	     1.328	0	0	0	0	cd /home/guigzp/Computacao/Faculdade/Compiladores/trabalho/tf/Benchs/Ptrdist/ft && timeout --signal=TERM 0 ./NO_SSA_ft.exe  1500 100000  < /dev/null &> /dev/null
143	:	1569851516.202	     1.871	0	0	0	0	cd /home/guigzp/Computacao/Faculdade/Compiladores/trabalho/tf/Benchs/Ptrdist/ks && timeout --signal=TERM 0 ./NO_SSA_ks.exe  KL-4.in  < /dev/null &> /dev/null
144	:	1569851518.075	     1.934	0	0	0	0	cd /home/guigzp/Computacao/Faculdade/Compiladores/trabalho/tf/Benchs/Ptrdist/yacr2 && timeout --signal=TERM 0 ./NO_SSA_yacr2.exe  input2.in  < /dev/null &> /dev/null
145	:	1569851520.012	     1.875	0	0	0	0	cd /home/guigzp/Computacao/Faculdade/Compiladores/trabalho/tf/Benchs/Trimaran/enc-3des && timeout --signal=TERM 0 ./NO_SSA_enc-3des.exe 100 < /dev/null &> /dev/null
146	:	1569851521.890	     1.965	0	0	0	0	cd /home/guigzp/Computacao/Faculdade/Compiladores/trabalho/tf/Benchs/Trimaran/enc-md5 && timeout --signal=TERM 0 ./NO_SSA_enc-md5.exe 10 < /dev/null &> /dev/null
147	:	1569851523.858	     1.375	0	0	0	0	cd /home/guigzp/Computacao/Faculdade/Compiladores/trabalho/tf/Benchs/Trimaran/enc-pc1 && timeout --signal=TERM 0 ./NO_SSA_enc-pc1.exe 5000000 < /dev/null &> /dev/null
148	:	1569851525.235	     1.970	0	0	0	0	cd /home/guigzp/Computacao/Faculdade/Compiladores/trabalho/tf/Benchs/Trimaran/enc-rc4 && timeout --signal=TERM 0 ./NO_SSA_enc-rc4.exe 200000 < /dev/null &> /dev/null
149	:	1569851527.207	     1.345	0	0	0	0	cd /home/guigzp/Computacao/Faculdade/Compiladores/trabalho/tf/Benchs/Trimaran/netbench-crc && timeout --signal=TERM 0 ./NO_SSA_netbench-crc.exe 12000 < /dev/null &> /dev/null
150	:	1569851528.553	     5.268	0	0	0	0	cd /home/guigzp/Computacao/Faculdade/Compiladores/trabalho/tf/Benchs/Trimaran/netbench-url && timeout --signal=TERM 0 ./NO_SSA_netbench-url.exe medium_inputs 900 < /dev/null &> /dev/null
151	:	1569851533.822	     6.398	0	0	0	0	cd /home/guigzp/Computacao/Faculdade/Compiladores/trabalho/tf/Benchs/TSVC/ControlFlow-dbl && timeout --signal=TERM 0 ./NO_SSA_ControlFlow-dbl.exe  2325 14  < /dev/null &> /dev/null
152	:	1569851540.223	     7.396	0	0	0	0	cd /home/guigzp/Computacao/Faculdade/Compiladores/trabalho/tf/Benchs/TSVC/ControlFlow-flt && timeout --signal=TERM 0 ./NO_SSA_ControlFlow-flt.exe  2325 5  < /dev/null &> /dev/null
153	:	1569851547.622	     9.008	0	0	0	0	cd /home/guigzp/Computacao/Faculdade/Compiladores/trabalho/tf/Benchs/TSVC/ControlLoops-dbl && timeout --signal=TERM 0 ./NO_SSA_ControlLoops-dbl.exe  1640 14  < /dev/null &> /dev/null
154	:	1569851556.632	    10.536	0	0	0	0	cd /home/guigzp/Computacao/Faculdade/Compiladores/trabalho/tf/Benchs/TSVC/ControlLoops-flt && timeout --signal=TERM 0 ./NO_SSA_ControlLoops-flt.exe  1640 5  < /dev/null &> /dev/null
155	:	1569851567.170	     8.329	0	0	0	0	cd /home/guigzp/Computacao/Faculdade/Compiladores/trabalho/tf/Benchs/TSVC/CrossingThresholds-dbl && timeout --signal=TERM 0 ./NO_SSA_CrossingThresholds-dbl.exe  5880 14  < /dev/null &> /dev/null
156	:	1569851575.502	     8.616	0	0	0	0	cd /home/guigzp/Computacao/Faculdade/Compiladores/trabalho/tf/Benchs/TSVC/CrossingThresholds-flt && timeout --signal=TERM 0 ./NO_SSA_CrossingThresholds-flt.exe  5880 5  < /dev/null &> /dev/null
157	:	1569851584.121	     6.391	0	0	0	0	cd /home/guigzp/Computacao/Faculdade/Compiladores/trabalho/tf/Benchs/TSVC/Equivalencing-dbl && timeout --signal=TERM 0 ./NO_SSA_Equivalencing-dbl.exe  3125 14  < /dev/null &> /dev/null
158	:	1569851590.515	     6.320	0	0	0	0	cd /home/guigzp/Computacao/Faculdade/Compiladores/trabalho/tf/Benchs/TSVC/Equivalencing-flt && timeout --signal=TERM 0 ./NO_SSA_Equivalencing-flt.exe  3125 5  < /dev/null &> /dev/null
159	:	1569851596.838	     8.289	0	0	0	0	cd /home/guigzp/Computacao/Faculdade/Compiladores/trabalho/tf/Benchs/TSVC/Expansion-dbl && timeout --signal=TERM 0 ./NO_SSA_Expansion-dbl.exe  4160 14  < /dev/null &> /dev/null
160	:	1569851605.131	     7.353	0	0	0	0	cd /home/guigzp/Computacao/Faculdade/Compiladores/trabalho/tf/Benchs/TSVC/Expansion-flt && timeout --signal=TERM 0 ./NO_SSA_Expansion-flt.exe  4160 5  < /dev/null &> /dev/null
161	:	1569851612.487	     9.605	0	0	0	0	cd /home/guigzp/Computacao/Faculdade/Compiladores/trabalho/tf/Benchs/TSVC/GlobalDataFlow-dbl && timeout --signal=TERM 0 ./NO_SSA_GlobalDataFlow-dbl.exe  3450 14  < /dev/null &> /dev/null
162	:	1569851622.095	    10.451	0	0	0	0	cd /home/guigzp/Computacao/Faculdade/Compiladores/trabalho/tf/Benchs/TSVC/GlobalDataFlow-flt && timeout --signal=TERM 0 ./NO_SSA_GlobalDataFlow-flt.exe  3450 5  < /dev/null &> /dev/null
163	:	1569851632.549	     8.596	0	0	0	0	cd /home/guigzp/Computacao/Faculdade/Compiladores/trabalho/tf/Benchs/TSVC/IndirectAddressing-dbl && timeout --signal=TERM 0 ./NO_SSA_IndirectAddressing-dbl.exe  12500 14  < /dev/null &> /dev/null
164	:	1569851641.148	     8.887	0	0	0	0	cd /home/guigzp/Computacao/Faculdade/Compiladores/trabalho/tf/Benchs/TSVC/IndirectAddressing-flt && timeout --signal=TERM 0 ./NO_SSA_IndirectAddressing-flt.exe  12500 5  < /dev/null &> /dev/null
165	:	1569851650.039	    11.728	0	0	0	0	cd /home/guigzp/Computacao/Faculdade/Compiladores/trabalho/tf/Benchs/TSVC/InductionVariable-dbl && timeout --signal=TERM 0 ./NO_SSA_InductionVariable-dbl.exe  9100 14  < /dev/null &> /dev/null
166	:	1569851661.770	    11.710	0	0	0	0	cd /home/guigzp/Computacao/Faculdade/Compiladores/trabalho/tf/Benchs/TSVC/InductionVariable-flt && timeout --signal=TERM 0 ./NO_SSA_InductionVariable-flt.exe  9100 5  < /dev/null &> /dev/null
167	:	1569851673.484	     9.967	0	0	0	0	cd /home/guigzp/Computacao/Faculdade/Compiladores/trabalho/tf/Benchs/TSVC/LinearDependence-dbl && timeout --signal=TERM 0 ./NO_SSA_LinearDependence-dbl.exe  3570 14  < /dev/null &> /dev/null
168	:	1569851683.454	     9.574	0	0	0	0	cd /home/guigzp/Computacao/Faculdade/Compiladores/trabalho/tf/Benchs/TSVC/LinearDependence-flt && timeout --signal=TERM 0 ./NO_SSA_LinearDependence-flt.exe  3570 5  < /dev/null &> /dev/null
169	:	1569851693.030	     8.621	0	0	0	0	cd /home/guigzp/Computacao/Faculdade/Compiladores/trabalho/tf/Benchs/TSVC/LoopRerolling-dbl && timeout --signal=TERM 0 ./NO_SSA_LoopRerolling-dbl.exe  5260 14  < /dev/null &> /dev/null
170	:	1569851701.654	     8.884	0	0	0	0	cd /home/guigzp/Computacao/Faculdade/Compiladores/trabalho/tf/Benchs/TSVC/LoopRerolling-flt && timeout --signal=TERM 0 ./NO_SSA_LoopRerolling-flt.exe  5260 5  < /dev/null &> /dev/null
171	:	1569851710.541	     6.410	0	0	0	0	cd /home/guigzp/Computacao/Faculdade/Compiladores/trabalho/tf/Benchs/TSVC/LoopRestructuring-dbl && timeout --signal=TERM 0 ./NO_SSA_LoopRestructuring-dbl.exe  4350 14  < /dev/null &> /dev/null
172	:	1569851716.953	     4.922	0	0	0	0	cd /home/guigzp/Computacao/Faculdade/Compiladores/trabalho/tf/Benchs/TSVC/LoopRestructuring-flt && timeout --signal=TERM 0 ./NO_SSA_LoopRestructuring-flt.exe  4350 5  < /dev/null &> /dev/null
173	:	1569851721.881	     8.055	0	0	0	0	cd /home/guigzp/Computacao/Faculdade/Compiladores/trabalho/tf/Benchs/TSVC/NodeSplitting-dbl && timeout --signal=TERM 0 ./NO_SSA_NodeSplitting-dbl.exe  10000 14  < /dev/null &> /dev/null
174	:	1569851729.939	     7.638	0	0	0	0	cd /home/guigzp/Computacao/Faculdade/Compiladores/trabalho/tf/Benchs/TSVC/NodeSplitting-flt && timeout --signal=TERM 0 ./NO_SSA_NodeSplitting-flt.exe  10000 5  < /dev/null &> /dev/null
175	:	1569851737.579	    10.368	0	0	0	0	cd /home/guigzp/Computacao/Faculdade/Compiladores/trabalho/tf/Benchs/TSVC/Packing-dbl && timeout --signal=TERM 0 ./NO_SSA_Packing-dbl.exe  50000 14  < /dev/null &> /dev/null
176	:	1569851747.950	     9.003	0	0	0	0	cd /home/guigzp/Computacao/Faculdade/Compiladores/trabalho/tf/Benchs/TSVC/Packing-flt && timeout --signal=TERM 0 ./NO_SSA_Packing-flt.exe  50000 5  < /dev/null &> /dev/null
177	:	1569851756.954	     6.076	0	0	0	0	cd /home/guigzp/Computacao/Faculdade/Compiladores/trabalho/tf/Benchs/TSVC/Recurrences-dbl && timeout --signal=TERM 0 ./NO_SSA_Recurrences-dbl.exe  20000 14  < /dev/null &> /dev/null
178	:	1569851763.033	     6.921	0	0	0	0	cd /home/guigzp/Computacao/Faculdade/Compiladores/trabalho/tf/Benchs/TSVC/Recurrences-flt && timeout --signal=TERM 0 ./NO_SSA_Recurrences-flt.exe  20000 5  < /dev/null &> /dev/null
179	:	1569851769.958	     9.256	0	0	0	0	cd /home/guigzp/Computacao/Faculdade/Compiladores/trabalho/tf/Benchs/TSVC/Reductions-dbl && timeout --signal=TERM 0 ./NO_SSA_Reductions-dbl.exe  1670 14  < /dev/null &> /dev/null
180	:	1569851779.216	    10.455	0	0	0	0	cd /home/guigzp/Computacao/Faculdade/Compiladores/trabalho/tf/Benchs/TSVC/Reductions-flt && timeout --signal=TERM 0 ./NO_SSA_Reductions-flt.exe  1670 5  < /dev/null &> /dev/null
181	:	1569851789.674	    10.368	0	0	0	0	cd /home/guigzp/Computacao/Faculdade/Compiladores/trabalho/tf/Benchs/TSVC/Searching-dbl && timeout --signal=TERM 0 ./NO_SSA_Searching-dbl.exe  80000 14  < /dev/null &> /dev/null
182	:	1569851800.044	    10.345	0	0	0	0	cd /home/guigzp/Computacao/Faculdade/Compiladores/trabalho/tf/Benchs/TSVC/Searching-flt && timeout --signal=TERM 0 ./NO_SSA_Searching-flt.exe  80000 5  < /dev/null &> /dev/null
183	:	1569851810.391	     6.292	0	0	0	0	cd /home/guigzp/Computacao/Faculdade/Compiladores/trabalho/tf/Benchs/TSVC/StatementReordering-dbl && timeout --signal=TERM 0 ./NO_SSA_StatementReordering-dbl.exe  20000 14  < /dev/null &> /dev/null
184	:	1569851816.686	     6.679	0	0	0	0	cd /home/guigzp/Computacao/Faculdade/Compiladores/trabalho/tf/Benchs/TSVC/StatementReordering-flt && timeout --signal=TERM 0 ./NO_SSA_StatementReordering-flt.exe  20000 5  < /dev/null &> /dev/null
185	:	1569851823.368	    11.388	0	0	0	0	cd /home/guigzp/Computacao/Faculdade/Compiladores/trabalho/tf/Benchs/TSVC/Symbolics-dbl && timeout --signal=TERM 0 ./NO_SSA_Symbolics-dbl.exe  9090 14  < /dev/null &> /dev/null
186	:	1569851834.759	    10.646	0	0	0	0	cd /home/guigzp/Computacao/Faculdade/Compiladores/trabalho/tf/Benchs/TSVC/Symbolics-flt && timeout --signal=TERM 0 ./NO_SSA_Symbolics-flt.exe  9090 5  < /dev/null &> /dev/null
187	:	1569851845.408	     0.003	0	0	127	0	cd /home/guigzp/Computacao/Faculdade/Compiladores/trabalho/tf/Benchs/PAQ8p && timeout --signal=TERM 0 ./NO_SSA_PAQ8p.exe  -1 small.in  < /dev/null &> /dev/null
188	:	1569851845.413	     4.398	0	0	0	0	cd /home/guigzp/Computacao/Faculdade/Compiladores/trabalho/tf/Benchs/NPB-serial/dc && timeout --signal=TERM 0 ./NO_SSA_dc.exe  10000000 ADC.par  < /dev/null &> /dev/null
189	:	1569851849.816	     7.768	0	0	0	0	cd /home/guigzp/Computacao/Faculdade/Compiladores/trabalho/tf/Benchs/NPB-serial/is && timeout --signal=TERM 0 ./NO_SSA_is.exe  < /dev/null &> /dev/null
190	:	1569851857.586	     0.187	0	0	0	0	cd /home/guigzp/Computacao/Faculdade/Compiladores/trabalho/tf/Benchs/VersaBench/8b10b && timeout --signal=TERM 0 ./NO_SSA_8b10b.exe /home/guigzp/Computacao/Faculdade/Compiladores/trabalho/tf/Benchs/VersaBench/8b10b/input 2000 < /dev/null &> /dev/null
191	:	1569851857.774	     1.631	0	0	0	0	cd /home/guigzp/Computacao/Faculdade/Compiladores/trabalho/tf/Benchs/VersaBench/beamformer && timeout --signal=TERM 0 ./NO_SSA_beamformer.exe -i 140 < /dev/null &> /dev/null
192	:	1569851859.407	     4.036	0	0	0	0	cd /home/guigzp/Computacao/Faculdade/Compiladores/trabalho/tf/Benchs/VersaBench/bmm && timeout --signal=TERM 0 ./NO_SSA_bmm.exe 1024 64 < /dev/null &> /dev/null
193	:	1569851863.444	     1.720	0	0	0	0	cd /home/guigzp/Computacao/Faculdade/Compiladores/trabalho/tf/Benchs/VersaBench/dbms && timeout --signal=TERM 0 ./NO_SSA_dbms.exe -i /home/guigzp/Computacao/Faculdade/Compiladores/trabalho/tf/Benchs/VersaBench/dbms/dbms.ref.in < /dev/null &> /dev/null
194	:	1569851865.166	     2.354	0	0	0	0	cd /home/guigzp/Computacao/Faculdade/Compiladores/trabalho/tf/Benchs/VersaBench/ecbdes && timeout --signal=TERM 0 ./NO_SSA_ecbdes.exe 16 < /dev/null &> /dev/null
195	:	1569851867.522	     0.221	0	0	0	0	cd /home/guigzp/Computacao/Faculdade/Compiladores/trabalho/tf/Benchs/FreeBench/analyzer && timeout --signal=TERM 0 ./NO_SSA_analyzer.exe /home/guigzp/Computacao/Faculdade/Compiladores/trabalho/tf/Benchs/FreeBench/analyzer/test.in < /dev/null &> /dev/null
196	:	1569851867.746	     0.105	0	0	0	0	cd /home/guigzp/Computacao/Faculdade/Compiladores/trabalho/tf/Benchs/FreeBench/distray && timeout --signal=TERM 0 ./NO_SSA_distray.exe /home/guigzp/Computacao/Faculdade/Compiladores/trabalho/tf/Benchs/FreeBench/distray/test.in < /dev/null &> /dev/null
197	:	1569851867.854	     0.488	0	0	0	0	cd /home/guigzp/Computacao/Faculdade/Compiladores/trabalho/tf/Benchs/FreeBench/fourinarow && timeout --signal=TERM 0 ./NO_SSA_fourinarow.exe /home/guigzp/Computacao/Faculdade/Compiladores/trabalho/tf/Benchs/FreeBench/fourinarow/test.in < /dev/null &> /dev/null
198	:	1569851868.345	     0.237	0	0	0	0	cd /home/guigzp/Computacao/Faculdade/Compiladores/trabalho/tf/Benchs/FreeBench/mason && timeout --signal=TERM 0 ./NO_SSA_mason.exe /home/guigzp/Computacao/Faculdade/Compiladores/trabalho/tf/Benchs/FreeBench/mason/test.in < /dev/null &> /dev/null
199	:	1569851868.584	     0.230	0	0	0	0	cd /home/guigzp/Computacao/Faculdade/Compiladores/trabalho/tf/Benchs/FreeBench/neural && timeout --signal=TERM 0 ./NO_SSA_neural.exe /home/guigzp/Computacao/Faculdade/Compiladores/trabalho/tf/Benchs/FreeBench/neural/test.in < /dev/null &> /dev/null
200	:	1569851868.817	     0.261	0	0	0	0	cd /home/guigzp/Computacao/Faculdade/Compiladores/trabalho/tf/Benchs/FreeBench/pcompress2 && timeout --signal=TERM 0 ./NO_SSA_pcompress2.exe /home/guigzp/Computacao/Faculdade/Compiladores/trabalho/tf/Benchs/FreeBench/pcompress2/test.in < /dev/null &> /dev/null
201	:	1569851869.080	     0.153	0	0	0	0	cd /home/guigzp/Computacao/Faculdade/Compiladores/trabalho/tf/Benchs/FreeBench/pifft && timeout --signal=TERM 0 ./NO_SSA_pifft.exe /home/guigzp/Computacao/Faculdade/Compiladores/trabalho/tf/Benchs/FreeBench/pifft/test.in < /dev/null &> /dev/null
202	:	1569851869.235	     0.004	0	0	127	0	cd /home/guigzp/Computacao/Faculdade/Compiladores/trabalho/tf/Benchs && timeout --signal=TERM 0 ./NO_SSA_pifft.exe  < /dev/null &> /dev/null
203	:	1569851869.241	     0.003	0	0	127	0	cd /home/guigzp/Computacao/Faculdade/Compiladores/trabalho/tf/Benchs && timeout --signal=TERM 0 ./NO_SSA_pifft.exe  < /dev/null &> /dev/null
204	:	1569851869.246	     0.003	0	0	127	0	cd /home/guigzp/Computacao/Faculdade/Compiladores/trabalho/tf/Benchs && timeout --signal=TERM 0 ./NO_SSA_pifft.exe  < /dev/null &> /dev/null
205	:	1569851869.252	     0.003	0	0	127	0	cd /home/guigzp/Computacao/Faculdade/Compiladores/trabalho/tf/Benchs && timeout --signal=TERM 0 ./NO_SSA_pifft.exe  < /dev/null &> /dev/null
206	:	1569851869.258	     0.003	0	0	127	0	cd /home/guigzp/Computacao/Faculdade/Compiladores/trabalho/tf/Benchs && timeout --signal=TERM 0 ./NO_SSA_pifft.exe  < /dev/null &> /dev/null
207	:	1569851869.263	     0.003	0	0	127	0	cd /home/guigzp/Computacao/Faculdade/Compiladores/trabalho/tf/Benchs && timeout --signal=TERM 0 ./NO_SSA_pifft.exe  < /dev/null &> /dev/null
208	:	1569851869.269	     0.004	0	0	127	0	cd /home/guigzp/Computacao/Faculdade/Compiladores/trabalho/tf/Benchs && timeout --signal=TERM 0 ./NO_SSA_pifft.exe  < /dev/null &> /dev/null
209	:	1569851869.276	     0.004	0	0	127	0	cd /home/guigzp/Computacao/Faculdade/Compiladores/trabalho/tf/Benchs && timeout --signal=TERM 0 ./NO_SSA_pifft.exe  < /dev/null &> /dev/null
210	:	1569851869.283	     0.003	0	0	127	0	cd /home/guigzp/Computacao/Faculdade/Compiladores/trabalho/tf/Benchs && timeout --signal=TERM 0 ./NO_SSA_pifft.exe  < /dev/null &> /dev/null
211	:	1569851869.290	     0.003	0	0	127	0	cd /home/guigzp/Computacao/Faculdade/Compiladores/trabalho/tf/Benchs && timeout --signal=TERM 0 ./NO_SSA_pifft.exe  < /dev/null &> /dev/null
212	:	1569851869.295	     0.004	0	0	127	0	cd /home/guigzp/Computacao/Faculdade/Compiladores/trabalho/tf/Benchs && timeout --signal=TERM 0 ./NO_SSA_pifft.exe  < /dev/null &> /dev/null
213	:	1569851869.301	     0.003	0	0	127	0	cd /home/guigzp/Computacao/Faculdade/Compiladores/trabalho/tf/Benchs && timeout --signal=TERM 0 ./NO_SSA_pifft.exe  < /dev/null &> /dev/null
214	:	1569851869.307	     0.004	0	0	127	0	cd /home/guigzp/Computacao/Faculdade/Compiladores/trabalho/tf/Benchs && timeout --signal=TERM 0 ./NO_SSA_pifft.exe  < /dev/null &> /dev/null
215	:	1569851869.313	     0.005	0	0	127	0	cd /home/guigzp/Computacao/Faculdade/Compiladores/trabalho/tf/Benchs && timeout --signal=TERM 0 ./NO_SSA_pifft.exe  < /dev/null &> /dev/null
216	:	1569851869.319	     0.004	0	0	127	0	cd /home/guigzp/Computacao/Faculdade/Compiladores/trabalho/tf/Benchs && timeout --signal=TERM 0 ./NO_SSA_pifft.exe  < /dev/null &> /dev/null
217	:	1569851869.325	     0.003	0	0	127	0	cd /home/guigzp/Computacao/Faculdade/Compiladores/trabalho/tf/Benchs && timeout --signal=TERM 0 ./NO_SSA_pifft.exe  < /dev/null &> /dev/null
218	:	1569851869.332	     0.003	0	0	127	0	cd /home/guigzp/Computacao/Faculdade/Compiladores/trabalho/tf/Benchs && timeout --signal=TERM 0 ./NO_SSA_pifft.exe  < /dev/null &> /dev/null
219	:	1569851869.338	     0.006	0	0	127	0	cd /home/guigzp/Computacao/Faculdade/Compiladores/trabalho/tf/Benchs && timeout --signal=TERM 0 ./NO_SSA_pifft.exe  < /dev/null &> /dev/null
220	:	1569851869.346	     0.006	0	0	127	0	cd /home/guigzp/Computacao/Faculdade/Compiladores/trabalho/tf/Benchs && timeout --signal=TERM 0 ./NO_SSA_pifft.exe  < /dev/null &> /dev/null
221	:	1569851869.354	     0.004	0	0	127	0	cd /home/guigzp/Computacao/Faculdade/Compiladores/trabalho/tf/Benchs && timeout --signal=TERM 0 ./NO_SSA_pifft.exe  < /dev/null &> /dev/null
222	:	1569851869.362	     0.003	0	0	127	0	cd /home/guigzp/Computacao/Faculdade/Compiladores/trabalho/tf/Benchs && timeout --signal=TERM 0 ./NO_SSA_pifft.exe  < /dev/null &> /dev/null
223	:	1569851869.368	     0.003	0	0	127	0	cd /home/guigzp/Computacao/Faculdade/Compiladores/trabalho/tf/Benchs && timeout --signal=TERM 0 ./NO_SSA_pifft.exe  < /dev/null &> /dev/null
224	:	1569851869.374	     0.003	0	0	127	0	cd /home/guigzp/Computacao/Faculdade/Compiladores/trabalho/tf/Benchs && timeout --signal=TERM 0 ./NO_SSA_pifft.exe  < /dev/null &> /dev/null
225	:	1569851869.380	     0.002	0	0	127	0	cd /home/guigzp/Computacao/Faculdade/Compiladores/trabalho/tf/Benchs && timeout --signal=TERM 0 ./NO_SSA_pifft.exe  < /dev/null &> /dev/null
226	:	1569851869.385	     0.003	0	0	127	0	cd /home/guigzp/Computacao/Faculdade/Compiladores/trabalho/tf/Benchs && timeout --signal=TERM 0 ./NO_SSA_pifft.exe  < /dev/null &> /dev/null
227	:	1569851869.391	     0.003	0	0	127	0	cd /home/guigzp/Computacao/Faculdade/Compiladores/trabalho/tf/Benchs/MallocBench/cfrac && ./__run 1 NO_SSA_cfrac.exe
228	:	1569851869.398	     0.003	0	0	127	0	cd /home/guigzp/Computacao/Faculdade/Compiladores/trabalho/tf/Benchs/MallocBench/espresso && ./__run 1 NO_SSA_expresso.exe
229	:	1569851869.403	     0.001	0	0	127	0	cd /home/guigzp/Computacao/Faculdade/Compiladores/trabalho/tf/Benchs/MallocBench/gs && ./__run 1 NO_SSA_gs.exe
230	:	1569851869.407	     0.001	0	0	127	0	cd /home/guigzp/Computacao/Faculdade/Compiladores/trabalho/tf/Benchs/MallocBench/make && ./__run 1 NO_SSA_make.exe
231	:	1569851869.411	     0.500	0	0	0	0	cd /home/guigzp/Computacao/Faculdade/Compiladores/trabalho/tf/Benchs/McCat/01-qbsort && timeout --signal=TERM 0 ./NO_SSA_01-qbsort.exe 1000 < /home/guigzp/Computacao/Faculdade/Compiladores/trabalho/tf/Benchs/McCat/01-qbsort/benchmark.in3 &> /dev/null
232	:	1569851869.915	     0.638	0	0	0	0	cd /home/guigzp/Computacao/Faculdade/Compiladores/trabalho/tf/Benchs/McCat/03-testtrie && timeout --signal=TERM 0 ./NO_SSA_03-testtrie.exe /home/guigzp/Computacao/Faculdade/Compiladores/trabalho/tf/Benchs/McCat/03-testtrie/testtrie.in2 < /dev/null &> /dev/null
233	:	1569851870.555	     0.112	0	0	0	0	cd /home/guigzp/Computacao/Faculdade/Compiladores/trabalho/tf/Benchs/McCat/04-bisect && timeout --signal=TERM 0 ./NO_SSA_04-bisect.exe  < /home/guigzp/Computacao/Faculdade/Compiladores/trabalho/tf/Benchs/McCat/04-bisect/bisect_test.in &> /dev/null
234	:	1569851870.670	     0.007	0	0	0	0	cd /home/guigzp/Computacao/Faculdade/Compiladores/trabalho/tf/Benchs/McCat/05-eks && timeout --signal=TERM 0 ./NO_SSA_05-eks.exe  < /dev/null &> /dev/null
235	:	1569851870.680	     0.059	0	0	0	0	cd /home/guigzp/Computacao/Faculdade/Compiladores/trabalho/tf/Benchs/McCat/08-main && timeout --signal=TERM 0 ./NO_SSA_08-main.exe  < /dev/null &> /dev/null
236	:	1569851870.741	     0.184	0	0	0	0	cd /home/guigzp/Computacao/Faculdade/Compiladores/trabalho/tf/Benchs/McCat/09-vor && timeout --signal=TERM 0 ./NO_SSA_09-vor.exe  < vor.in3 &> /dev/null
237	:	1569851870.927	     0.365	0	0	0	0	cd /home/guigzp/Computacao/Faculdade/Compiladores/trabalho/tf/Benchs/McCat/12-IOtest && timeout --signal=TERM 0 ./NO_SSA_12-IOtest.exe  < /dev/null &> /dev/null
238	:	1569851871.294	     0.047	0	0	0	0	cd /home/guigzp/Computacao/Faculdade/Compiladores/trabalho/tf/Benchs/McCat/15-trie && timeout --signal=TERM 0 ./NO_SSA_15-trie.exe  trie.in1  < /dev/null &> /dev/null
239	:	1569851871.347	     0.140	0	0	0	0	cd /home/guigzp/Computacao/Faculdade/Compiladores/trabalho/tf/Benchs/McCat/17-bintr && timeout --signal=TERM 0 ./NO_SSA_17-bintr.exe  <  bnchmrk.in1  &> /dev/null
240	:	1569851871.489	     1.748	0	0	0	0	cd /home/guigzp/Computacao/Faculdade/Compiladores/trabalho/tf/Benchs/Olden/bh && timeout --signal=TERM 0 ./NO_SSA_bh.exe 20000 20 < /dev/null &> /dev/null
241	:	1569851873.240	     0.701	0	0	0	0	cd /home/guigzp/Computacao/Faculdade/Compiladores/trabalho/tf/Benchs/Olden/bisort && timeout --signal=TERM 0 ./NO_SSA_bisort.exe 700000 < /dev/null &> /dev/null
242	:	1569851873.944	     0.141	0	0	0	0	cd /home/guigzp/Computacao/Faculdade/Compiladores/trabalho/tf/Benchs/Olden/em3d && timeout --signal=TERM 0 ./NO_SSA_em3d.exe 256 250 35 < /dev/null &> /dev/null
243	:	1569851874.088	     0.246	0	0	0	0	cd /home/guigzp/Computacao/Faculdade/Compiladores/trabalho/tf/Benchs/Olden/health && timeout --signal=TERM 0 ./NO_SSA_health.exe 9 20 1 < /dev/null &> /dev/null
244	:	1569851874.336	     0.158	0	0	0	0	cd /home/guigzp/Computacao/Faculdade/Compiladores/trabalho/tf/Benchs/Olden/mst && timeout --signal=TERM 0 ./NO_SSA_mst.exe 1000 < /dev/null &> /dev/null
245	:	1569851874.497	     0.288	0	0	0	0	cd /home/guigzp/Computacao/Faculdade/Compiladores/trabalho/tf/Benchs/Olden/perimeter && timeout --signal=TERM 0 ./NO_SSA_perimeter.exe 10 < /dev/null &> /dev/null
246	:	1569851874.787	     1.318	0	0	0	0	cd /home/guigzp/Computacao/Faculdade/Compiladores/trabalho/tf/Benchs/Olden/power && timeout --signal=TERM 0 ./NO_SSA_power.exe  < /dev/null &> /dev/null
247	:	1569851876.107	     0.812	0	0	0	0	cd /home/guigzp/Computacao/Faculdade/Compiladores/trabalho/tf/Benchs/Olden/treeadd && timeout --signal=TERM 0 ./NO_SSA_treeadd.exe 20 < /dev/null &> /dev/null
248	:	1569851876.923	     0.980	0	0	0	0	cd /home/guigzp/Computacao/Faculdade/Compiladores/trabalho/tf/Benchs/Olden/tsp && timeout --signal=TERM 0 ./NO_SSA_tsp.exe 1024000 < /dev/null &> /dev/null
249	:	1569851877.906	     0.384	0	0	0	0	cd /home/guigzp/Computacao/Faculdade/Compiladores/trabalho/tf/Benchs/Olden/voronoi && timeout --signal=TERM 0 ./NO_SSA_voronoi.exe 100000 20 32 7 < /dev/null &> /dev/null
250	:	1569851878.293	     0.931	0	0	0	0	cd /home/guigzp/Computacao/Faculdade/Compiladores/trabalho/tf/Benchs/Prolangs-C/agrep && timeout --signal=TERM 0 ./NO_SSA_agrep.exe -2 int InstructionCombining.cpp < /dev/null &> /dev/null
251	:	1569851879.230	     0.013	0	0	0	0	cd /home/guigzp/Computacao/Faculdade/Compiladores/trabalho/tf/Benchs/Prolangs-C/allroots && timeout --signal=TERM 0 ./NO_SSA_allroots.exe  < /dev/null &> /dev/null
252	:	1569851879.249	     0.014	0	0	1	0	cd /home/guigzp/Computacao/Faculdade/Compiladores/trabalho/tf/Benchs/Prolangs-C/archie-client && timeout --signal=TERM 0 ./NO_SSA_archie-client.exe  < /dev/null &> /dev/null
253	:	1569851879.269	     0.009	0	0	0	0	cd /home/guigzp/Computacao/Faculdade/Compiladores/trabalho/tf/Benchs/Prolangs-C/assembler && timeout --signal=TERM 0 ./NO_SSA_assembler.exe   < /dev/null &> /dev/null
254	:	1569851879.283	     0.049	0	0	0	0	cd /home/guigzp/Computacao/Faculdade/Compiladores/trabalho/tf/Benchs/Prolangs-C/bison && timeout --signal=TERM 0 ./NO_SSA_bison.exe parse.y.in -v < /dev/null &> /dev/null
255	:	1569851879.335	     0.006	0	0	0	0	cd /home/guigzp/Computacao/Faculdade/Compiladores/trabalho/tf/Benchs/Prolangs-C/cdecl && timeout --signal=TERM 0 ./NO_SSA_cdecl.exe  < testset &> /dev/null
256	:	1569851879.344	     0.005	0	0	0	0	cd /home/guigzp/Computacao/Faculdade/Compiladores/trabalho/tf/Benchs/Prolangs-C/compiler && timeout --signal=TERM 0 ./NO_SSA_compiler.exe  < /dev/null &> /dev/null
257	:	1569851879.352	     0.005	0	0	0	0	cd /home/guigzp/Computacao/Faculdade/Compiladores/trabalho/tf/Benchs/Prolangs-C/fixoutput && timeout --signal=TERM 0 ./NO_SSA_fixoutput.exe  < /dev/null &> /dev/null
258	:	1569851879.359	     0.006	0	0	1	0	cd /home/guigzp/Computacao/Faculdade/Compiladores/trabalho/tf/Benchs/Prolangs-C/football && timeout --signal=TERM 0 ./NO_SSA_football.exe  < /dev/null &> /dev/null
259	:	1569851879.368	     0.115	0	0	1	0	cd /home/guigzp/Computacao/Faculdade/Compiladores/trabalho/tf/Benchs/Prolangs-C/gnugo && timeout --signal=TERM 0 ./NO_SSA_gnugo.exe  < stdin &> /dev/null
260	:	1569851879.486	     0.004	0	0	0	0	cd /home/guigzp/Computacao/Faculdade/Compiladores/trabalho/tf/Benchs/Prolangs-C/loader && timeout --signal=TERM 0 ./NO_SSA_loader.exe  < /dev/null &> /dev/null
261	:	1569851879.493	     0.004	0	0	0	0	cd /home/guigzp/Computacao/Faculdade/Compiladores/trabalho/tf/Benchs/Prolangs-C/plot2fig && timeout --signal=TERM 0 ./NO_SSA_plot2fig.exe  < /dev/null &> /dev/null
262	:	1569851879.500	     0.005	0	0	0	0	cd /home/guigzp/Computacao/Faculdade/Compiladores/trabalho/tf/Benchs/Prolangs-C/simulator && timeout --signal=TERM 0 ./NO_SSA_simulator.exe  < /dev/null &> /dev/null
263	:	1569851879.507	     0.003	0	0	0	0	cd /home/guigzp/Computacao/Faculdade/Compiladores/trabalho/tf/Benchs/Prolangs-C/TimberWolfMC && timeout --signal=TERM 0 ./NO_SSA_TimerWolfMC.exe  < /dev/null &> /dev/null
264	:	1569851879.513	     0.009	0	0	0	0	cd /home/guigzp/Computacao/Faculdade/Compiladores/trabalho/tf/Benchs/Prolangs-C/unix-smail && timeout --signal=TERM 0 ./NO_SSA_unix-smail.exe -v ALL < main.c &> /dev/null
265	:	1569851879.524	     0.005	0	0	0	0	cd /home/guigzp/Computacao/Faculdade/Compiladores/trabalho/tf/Benchs/Prolangs-C/unix-tbl && timeout --signal=TERM 0 ./NO_SSA_unix-tbl.exe  < /dev/null &> /dev/null
